<?xml version="1.0" encoding="UTF-8"?>
<!-- Generated by org.testng.reporters.JUnitReportReporter -->
<testsuite skipped="0" hostname="DESKTOP-SBT5OOC" name="com.crm.qa.testcases.LoginPageTest" tests="3" failures="0" timestamp="07 Oct 2019 07:14:49 GMT" time="37.029" errors="0">
  <testcase name="LoginPageTitle" time="12.731" classname="com.crm.qa.testcases.LoginPageTest"/>
  <testcase name="LoginPageTitle" time="10.190" classname="com.crm.qa.testcases.LoginPageTest"/>
  <testcase name="LoginPageTitle" time="14.108" classname="com.crm.qa.testcases.LoginPageTest"/>
</testsuite> <!-- com.crm.qa.testcases.LoginPageTest -->
